<?xml version="1.0" encoding="UTF-8"?>
<!-- Generated by org.testng.reporters.JUnitXMLReporter -->
<testsuite ignored="0" hostname="Tenzins-MacBook-Pro-2.local" failures="0" tests="3" name="/Users/tenzinwangmo/IdeaProjects/CA4" time="24.824" errors="0" timestamp="2023-04-21T10:03:24 IST">
  <testcase classname="org.example.AppTest" name="dropdownMethod" time="0.2"/>
  <testcase classname="org.example.AppTest" name="checkBoxMethod" time="0.039"/>
  <testcase classname="org.example.AppTest" name="RadioButtonMethod" time="0.038"/>
</testsuite> <!-- /Users/tenzinwangmo/IdeaProjects/CA4 -->
